Grammar

    0 $accept: FinalNode $end

    1 FinalNode: File

    2 File: ImportList ListOfStatem ListofFunctions
    3     | ListOfStatem ListofFunctions
    4     | ListofFunctions
    5     | ImportList ListofFunctions

    6 ImportList: Import
    7           | ImportList Import

    8 Import: IMPORT ID STOP

    9 ListofFunctions: Function
   10                | ListofFunctions Function

   11 Function: DEF ID OC VoidableArgList CC OF ListOfCode CF

   12 ArgList: Vartype ID
   13        | ArgList COMMA Vartype ID

   14 VoidableArgList: VOID
   15                | ArgList

   16 ListOfCode: Code
   17           | ListOfCode Code

   18 Code: ListOfStatem
   19     | Conditional
   20     | Loop
   21     | Return
   22     | Break
   23     | TernaryOp

   24 Loop: ForLoop
   25     | WhileLoop

   26 TernaryOp: Statement QUEST Statement COLON Statement STOP

   27 ForLoop: FOR OC Voidable SCOMMA Expression SCOMMA Voidable CC OF ListOfCode CF

   28 WhileLoop: WHILE OC VoidableSingleStatement CC OF ListOfCode CF

   29 Return: RETURN VOID STOP
   30       | RETURN ListOfExpr STOP

   31 Break: BREAK STOP

   32 VoidableSingleStatement: VOID
   33                        | Statement

   34 Voidable: VOID
   35         | ListOfStatem

   36 Conditional: IF OC Expression CC OF ListOfCode CF
   37            | IF OC Expression CC OF ListOfCode CF Else_Block

   38 Else_Block: Else_Piece
   39           | Elif_Piece
   40           | Elif_Piece Else_Block

   41 Elif_Piece: ELIF OC Expression CC OF ListOfCode CF

   42 Else_Piece: ELSE OF ListOfCode CF

   43 ListOfStatem: ListOfStatem STOP Statement
   44             | Statement

   45 Statement: Expression
   46          | Location AsignOp Expression
   47          | Vartype ID AsignOp Expression
   48          | Initialization

   49 Initialization: Vartype ID
   50               | ARRAY Vartype ID OS Expression CS
   51               | ARRAY Vartype ID OS Expression COMMA Expression CS

   52 AsignOp: ASGN
   53        | PASGN
   54        | SASGN

   55 Expression: Location
   56           | Literal
   57           | Expression ADD Expression
   58           | Expression SUB Expression
   59           | Expression MULT Expression
   60           | Expression DIV Expression
   61           | Expression LEQ Expression
   62           | Expression GEQ Expression
   63           | Expression GT Expression
   64           | Expression EQ Expression
   65           | Expression LT Expression
   66           | Expression NEQ Expression
   67           | Expression AND Expression
   68           | Expression OR Expression
   69           | OC Expression CC
   70           | NOT Expression
   71           | SUB Expression
   72           | MethodCall

   73 Location: ID
   74         | ID OS Expression CS
   75         | ID OS Expression COMMA Expression CS

   76 Literal: INTL
   77        | TRUE
   78        | FALSE
   79        | CHAR
   80        | UINTL

   81 Vartype: TINT
   82        | TUINT
   83        | TBOOL
   84        | TCHAR

   85 MethodCall: ID OC CC
   86           | ID OC ListOfExpr CC

   87 ListOfExpr: Expression
   88           | ListOfExpr COMMA Expression


Terminals, with rules where they appear

$end (0) 0
error (256)
ARRAY (258) 50 51
RETURN (259) 29 30
BREAK (260) 31
IMPORT (261) 8
IF (262) 36 37
ELIF (263) 41
ELSE (264) 42
FOR (265) 27
WHILE (266) 28
DEF (267) 11
NOT (268) 70
SCOMMA (269) 27
COMMA (270) 13 51 75 88
OF (271) 11 27 28 36 37 41 42
CF (272) 11 27 28 36 37 41 42
OC (273) 11 27 28 36 37 41 69 85 86
CC (274) 11 27 28 36 37 41 69 85 86
OS (275) 50 51 74 75
CS (276) 50 51 74 75
QUEST (277) 26
COLON (278) 26
ADD (279) 57
DIV (280) 60
EQ (281) 64
GEQ (282) 62
GT (283) 63
LEQ (284) 61
LT (285) 65
MULT (286) 59
NEQ (287) 66
SUB (288) 58 71
AND (289) 67
OR (290) 68
INTL (291) 76
UINTL (292) 80
CHAR (293) 79
TRUE (294) 77
FALSE (295) 78
ID (296) 8 11 12 13 47 49 50 51 73 74 75 85 86
VOID (297) 14 29 32 34
TINT (298) 81
TUINT (299) 82
TCHAR (300) 84
TBOOL (301) 83
STOP (302) 8 26 29 30 31 43
ASGN (303) 52
PASGN (304) 53
SASGN (305) 54
STATEMENT (306)
LOCID (307)
EXPRESSIONVSEXPRESSION (308)
EXPRESSIONVSLOCASGNEXP (309)
UMINUS (310)


Nonterminals, with rules where they appear

$accept (56)
    on left: 0
FinalNode (57)
    on left: 1, on right: 0
File (58)
    on left: 2 3 4 5, on right: 1
ImportList (59)
    on left: 6 7, on right: 2 5 7
Import (60)
    on left: 8, on right: 6 7
ListofFunctions (61)
    on left: 9 10, on right: 2 3 4 5 10
Function (62)
    on left: 11, on right: 9 10
ArgList (63)
    on left: 12 13, on right: 13 15
VoidableArgList (64)
    on left: 14 15, on right: 11
ListOfCode (65)
    on left: 16 17, on right: 11 17 27 28 36 37 41 42
Code (66)
    on left: 18 19 20 21 22 23, on right: 16 17
Loop (67)
    on left: 24 25, on right: 20
TernaryOp (68)
    on left: 26, on right: 23
ForLoop (69)
    on left: 27, on right: 24
WhileLoop (70)
    on left: 28, on right: 25
Return (71)
    on left: 29 30, on right: 21
Break (72)
    on left: 31, on right: 22
VoidableSingleStatement (73)
    on left: 32 33, on right: 28
Voidable (74)
    on left: 34 35, on right: 27
Conditional (75)
    on left: 36 37, on right: 19
Else_Block (76)
    on left: 38 39 40, on right: 37 40
Elif_Piece (77)
    on left: 41, on right: 39 40
Else_Piece (78)
    on left: 42, on right: 38
ListOfStatem (79)
    on left: 43 44, on right: 2 3 18 35 43
Statement (80)
    on left: 45 46 47 48, on right: 26 33 43 44
Initialization (81)
    on left: 49 50 51, on right: 48
AsignOp (82)
    on left: 52 53 54, on right: 46 47
Expression (83)
    on left: 55 56 57 58 59 60 61 62 63 64 65 66 67 68 69 70 71 72,
    on right: 27 36 37 41 45 46 47 50 51 57 58 59 60 61 62 63 64 65
    66 67 68 69 70 71 74 75 87 88
Location (84)
    on left: 73 74 75, on right: 46 55
Literal (85)
    on left: 76 77 78 79 80, on right: 56
Vartype (86)
    on left: 81 82 83 84, on right: 12 13 47 49 50 51
MethodCall (87)
    on left: 85 86, on right: 72
ListOfExpr (88)
    on left: 87 88, on right: 30 86 88


State 0

    0 $accept: . FinalNode $end

    ARRAY   shift, and go to state 1
    IMPORT  shift, and go to state 2
    DEF     shift, and go to state 3
    NOT     shift, and go to state 4
    OC      shift, and go to state 5
    SUB     shift, and go to state 6
    INTL    shift, and go to state 7
    UINTL   shift, and go to state 8
    CHAR    shift, and go to state 9
    TRUE    shift, and go to state 10
    FALSE   shift, and go to state 11
    ID      shift, and go to state 12
    TINT    shift, and go to state 13
    TUINT   shift, and go to state 14
    TCHAR   shift, and go to state 15
    TBOOL   shift, and go to state 16

    FinalNode        go to state 17
    File             go to state 18
    ImportList       go to state 19
    Import           go to state 20
    ListofFunctions  go to state 21
    Function         go to state 22
    ListOfStatem     go to state 23
    Statement        go to state 24
    Initialization   go to state 25
    Expression       go to state 26
    Location         go to state 27
    Literal          go to state 28
    Vartype          go to state 29
    MethodCall       go to state 30


State 1

   50 Initialization: ARRAY . Vartype ID OS Expression CS
   51               | ARRAY . Vartype ID OS Expression COMMA Expression CS

    TINT   shift, and go to state 13
    TUINT  shift, and go to state 14
    TCHAR  shift, and go to state 15
    TBOOL  shift, and go to state 16

    Vartype  go to state 31


State 2

    8 Import: IMPORT . ID STOP

    ID  shift, and go to state 32


State 3

   11 Function: DEF . ID OC VoidableArgList CC OF ListOfCode CF

    ID  shift, and go to state 33


State 4

   70 Expression: NOT . Expression

    NOT    shift, and go to state 4
    OC     shift, and go to state 5
    SUB    shift, and go to state 6
    INTL   shift, and go to state 7
    UINTL  shift, and go to state 8
    CHAR   shift, and go to state 9
    TRUE   shift, and go to state 10
    FALSE  shift, and go to state 11
    ID     shift, and go to state 12

    Expression  go to state 34
    Location    go to state 35
    Literal     go to state 28
    MethodCall  go to state 30


State 5

   69 Expression: OC . Expression CC

    NOT    shift, and go to state 4
    OC     shift, and go to state 5
    SUB    shift, and go to state 6
    INTL   shift, and go to state 7
    UINTL  shift, and go to state 8
    CHAR   shift, and go to state 9
    TRUE   shift, and go to state 10
    FALSE  shift, and go to state 11
    ID     shift, and go to state 12

    Expression  go to state 36
    Location    go to state 35
    Literal     go to state 28
    MethodCall  go to state 30


State 6

   71 Expression: SUB . Expression

    NOT    shift, and go to state 4
    OC     shift, and go to state 5
    SUB    shift, and go to state 6
    INTL   shift, and go to state 7
    UINTL  shift, and go to state 8
    CHAR   shift, and go to state 9
    TRUE   shift, and go to state 10
    FALSE  shift, and go to state 11
    ID     shift, and go to state 12

    Expression  go to state 37
    Location    go to state 35
    Literal     go to state 28
    MethodCall  go to state 30


State 7

   76 Literal: INTL .

    $default  reduce using rule 76 (Literal)


State 8

   80 Literal: UINTL .

    $default  reduce using rule 80 (Literal)


State 9

   79 Literal: CHAR .

    $default  reduce using rule 79 (Literal)


State 10

   77 Literal: TRUE .

    $default  reduce using rule 77 (Literal)


State 11

   78 Literal: FALSE .

    $default  reduce using rule 78 (Literal)


State 12

   73 Location: ID .
   74         | ID . OS Expression CS
   75         | ID . OS Expression COMMA Expression CS
   85 MethodCall: ID . OC CC
   86           | ID . OC ListOfExpr CC

    OC  shift, and go to state 38
    OS  shift, and go to state 39

    $default  reduce using rule 73 (Location)


State 13

   81 Vartype: TINT .

    $default  reduce using rule 81 (Vartype)


State 14

   82 Vartype: TUINT .

    $default  reduce using rule 82 (Vartype)


State 15

   84 Vartype: TCHAR .

    $default  reduce using rule 84 (Vartype)


State 16

   83 Vartype: TBOOL .

    $default  reduce using rule 83 (Vartype)


State 17

    0 $accept: FinalNode . $end

    $end  shift, and go to state 40


State 18

    1 FinalNode: File .

    $default  reduce using rule 1 (FinalNode)


State 19

    2 File: ImportList . ListOfStatem ListofFunctions
    5     | ImportList . ListofFunctions
    7 ImportList: ImportList . Import

    ARRAY   shift, and go to state 1
    IMPORT  shift, and go to state 2
    DEF     shift, and go to state 3
    NOT     shift, and go to state 4
    OC      shift, and go to state 5
    SUB     shift, and go to state 6
    INTL    shift, and go to state 7
    UINTL   shift, and go to state 8
    CHAR    shift, and go to state 9
    TRUE    shift, and go to state 10
    FALSE   shift, and go to state 11
    ID      shift, and go to state 12
    TINT    shift, and go to state 13
    TUINT   shift, and go to state 14
    TCHAR   shift, and go to state 15
    TBOOL   shift, and go to state 16

    Import           go to state 41
    ListofFunctions  go to state 42
    Function         go to state 22
    ListOfStatem     go to state 43
    Statement        go to state 24
    Initialization   go to state 25
    Expression       go to state 26
    Location         go to state 27
    Literal          go to state 28
    Vartype          go to state 29
    MethodCall       go to state 30


State 20

    6 ImportList: Import .

    $default  reduce using rule 6 (ImportList)


State 21

    4 File: ListofFunctions .
   10 ListofFunctions: ListofFunctions . Function

    DEF  shift, and go to state 3

    $default  reduce using rule 4 (File)

    Function  go to state 44


State 22

    9 ListofFunctions: Function .

    $default  reduce using rule 9 (ListofFunctions)


State 23

    3 File: ListOfStatem . ListofFunctions
   43 ListOfStatem: ListOfStatem . STOP Statement

    DEF   shift, and go to state 3
    STOP  shift, and go to state 45

    ListofFunctions  go to state 46
    Function         go to state 22


State 24

   44 ListOfStatem: Statement .

    $default  reduce using rule 44 (ListOfStatem)


State 25

   48 Statement: Initialization .

    $default  reduce using rule 48 (Statement)


State 26

   45 Statement: Expression .
   57 Expression: Expression . ADD Expression
   58           | Expression . SUB Expression
   59           | Expression . MULT Expression
   60           | Expression . DIV Expression
   61           | Expression . LEQ Expression
   62           | Expression . GEQ Expression
   63           | Expression . GT Expression
   64           | Expression . EQ Expression
   65           | Expression . LT Expression
   66           | Expression . NEQ Expression
   67           | Expression . AND Expression
   68           | Expression . OR Expression

    ADD   shift, and go to state 47
    DIV   shift, and go to state 48
    EQ    shift, and go to state 49
    GEQ   shift, and go to state 50
    GT    shift, and go to state 51
    LEQ   shift, and go to state 52
    LT    shift, and go to state 53
    MULT  shift, and go to state 54
    NEQ   shift, and go to state 55
    SUB   shift, and go to state 56
    AND   shift, and go to state 57
    OR    shift, and go to state 58

    $default  reduce using rule 45 (Statement)


State 27

   46 Statement: Location . AsignOp Expression
   55 Expression: Location .

    ASGN   shift, and go to state 59
    PASGN  shift, and go to state 60
    SASGN  shift, and go to state 61

    $default  reduce using rule 55 (Expression)

    AsignOp  go to state 62


State 28

   56 Expression: Literal .

    $default  reduce using rule 56 (Expression)


State 29

   47 Statement: Vartype . ID AsignOp Expression
   49 Initialization: Vartype . ID

    ID  shift, and go to state 63


State 30

   72 Expression: MethodCall .

    $default  reduce using rule 72 (Expression)


State 31

   50 Initialization: ARRAY Vartype . ID OS Expression CS
   51               | ARRAY Vartype . ID OS Expression COMMA Expression CS

    ID  shift, and go to state 64


State 32

    8 Import: IMPORT ID . STOP

    STOP  shift, and go to state 65


State 33

   11 Function: DEF ID . OC VoidableArgList CC OF ListOfCode CF

    OC  shift, and go to state 66


State 34

   57 Expression: Expression . ADD Expression
   58           | Expression . SUB Expression
   59           | Expression . MULT Expression
   60           | Expression . DIV Expression
   61           | Expression . LEQ Expression
   62           | Expression . GEQ Expression
   63           | Expression . GT Expression
   64           | Expression . EQ Expression
   65           | Expression . LT Expression
   66           | Expression . NEQ Expression
   67           | Expression . AND Expression
   68           | Expression . OR Expression
   70           | NOT Expression .

    $default  reduce using rule 70 (Expression)


State 35

   55 Expression: Location .

    $default  reduce using rule 55 (Expression)


State 36

   57 Expression: Expression . ADD Expression
   58           | Expression . SUB Expression
   59           | Expression . MULT Expression
   60           | Expression . DIV Expression
   61           | Expression . LEQ Expression
   62           | Expression . GEQ Expression
   63           | Expression . GT Expression
   64           | Expression . EQ Expression
   65           | Expression . LT Expression
   66           | Expression . NEQ Expression
   67           | Expression . AND Expression
   68           | Expression . OR Expression
   69           | OC Expression . CC

    CC    shift, and go to state 67
    ADD   shift, and go to state 47
    DIV   shift, and go to state 48
    EQ    shift, and go to state 49
    GEQ   shift, and go to state 50
    GT    shift, and go to state 51
    LEQ   shift, and go to state 52
    LT    shift, and go to state 53
    MULT  shift, and go to state 54
    NEQ   shift, and go to state 55
    SUB   shift, and go to state 56
    AND   shift, and go to state 57
    OR    shift, and go to state 58


State 37

   57 Expression: Expression . ADD Expression
   58           | Expression . SUB Expression
   59           | Expression . MULT Expression
   60           | Expression . DIV Expression
   61           | Expression . LEQ Expression
   62           | Expression . GEQ Expression
   63           | Expression . GT Expression
   64           | Expression . EQ Expression
   65           | Expression . LT Expression
   66           | Expression . NEQ Expression
   67           | Expression . AND Expression
   68           | Expression . OR Expression
   71           | SUB Expression .

    $default  reduce using rule 71 (Expression)


State 38

   85 MethodCall: ID OC . CC
   86           | ID OC . ListOfExpr CC

    NOT    shift, and go to state 4
    OC     shift, and go to state 5
    CC     shift, and go to state 68
    SUB    shift, and go to state 6
    INTL   shift, and go to state 7
    UINTL  shift, and go to state 8
    CHAR   shift, and go to state 9
    TRUE   shift, and go to state 10
    FALSE  shift, and go to state 11
    ID     shift, and go to state 12

    Expression  go to state 69
    Location    go to state 35
    Literal     go to state 28
    MethodCall  go to state 30
    ListOfExpr  go to state 70


State 39

   74 Location: ID OS . Expression CS
   75         | ID OS . Expression COMMA Expression CS

    NOT    shift, and go to state 4
    OC     shift, and go to state 5
    SUB    shift, and go to state 6
    INTL   shift, and go to state 7
    UINTL  shift, and go to state 8
    CHAR   shift, and go to state 9
    TRUE   shift, and go to state 10
    FALSE  shift, and go to state 11
    ID     shift, and go to state 12

    Expression  go to state 71
    Location    go to state 35
    Literal     go to state 28
    MethodCall  go to state 30


State 40

    0 $accept: FinalNode $end .

    $default  accept


State 41

    7 ImportList: ImportList Import .

    $default  reduce using rule 7 (ImportList)


State 42

    5 File: ImportList ListofFunctions .
   10 ListofFunctions: ListofFunctions . Function

    DEF  shift, and go to state 3

    $default  reduce using rule 5 (File)

    Function  go to state 44


State 43

    2 File: ImportList ListOfStatem . ListofFunctions
   43 ListOfStatem: ListOfStatem . STOP Statement

    DEF   shift, and go to state 3
    STOP  shift, and go to state 45

    ListofFunctions  go to state 72
    Function         go to state 22


State 44

   10 ListofFunctions: ListofFunctions Function .

    $default  reduce using rule 10 (ListofFunctions)


State 45

   43 ListOfStatem: ListOfStatem STOP . Statement

    ARRAY  shift, and go to state 1
    NOT    shift, and go to state 4
    OC     shift, and go to state 5
    SUB    shift, and go to state 6
    INTL   shift, and go to state 7
    UINTL  shift, and go to state 8
    CHAR   shift, and go to state 9
    TRUE   shift, and go to state 10
    FALSE  shift, and go to state 11
    ID     shift, and go to state 12
    TINT   shift, and go to state 13
    TUINT  shift, and go to state 14
    TCHAR  shift, and go to state 15
    TBOOL  shift, and go to state 16

    Statement       go to state 73
    Initialization  go to state 25
    Expression      go to state 26
    Location        go to state 27
    Literal         go to state 28
    Vartype         go to state 29
    MethodCall      go to state 30


State 46

    3 File: ListOfStatem ListofFunctions .
   10 ListofFunctions: ListofFunctions . Function

    DEF  shift, and go to state 3

    $default  reduce using rule 3 (File)

    Function  go to state 44


State 47

   57 Expression: Expression ADD . Expression

    NOT    shift, and go to state 4
    OC     shift, and go to state 5
    SUB    shift, and go to state 6
    INTL   shift, and go to state 7
    UINTL  shift, and go to state 8
    CHAR   shift, and go to state 9
    TRUE   shift, and go to state 10
    FALSE  shift, and go to state 11
    ID     shift, and go to state 12

    Expression  go to state 74
    Location    go to state 35
    Literal     go to state 28
    MethodCall  go to state 30


State 48

   60 Expression: Expression DIV . Expression

    NOT    shift, and go to state 4
    OC     shift, and go to state 5
    SUB    shift, and go to state 6
    INTL   shift, and go to state 7
    UINTL  shift, and go to state 8
    CHAR   shift, and go to state 9
    TRUE   shift, and go to state 10
    FALSE  shift, and go to state 11
    ID     shift, and go to state 12

    Expression  go to state 75
    Location    go to state 35
    Literal     go to state 28
    MethodCall  go to state 30


State 49

   64 Expression: Expression EQ . Expression

    NOT    shift, and go to state 4
    OC     shift, and go to state 5
    SUB    shift, and go to state 6
    INTL   shift, and go to state 7
    UINTL  shift, and go to state 8
    CHAR   shift, and go to state 9
    TRUE   shift, and go to state 10
    FALSE  shift, and go to state 11
    ID     shift, and go to state 12

    Expression  go to state 76
    Location    go to state 35
    Literal     go to state 28
    MethodCall  go to state 30


State 50

   62 Expression: Expression GEQ . Expression

    NOT    shift, and go to state 4
    OC     shift, and go to state 5
    SUB    shift, and go to state 6
    INTL   shift, and go to state 7
    UINTL  shift, and go to state 8
    CHAR   shift, and go to state 9
    TRUE   shift, and go to state 10
    FALSE  shift, and go to state 11
    ID     shift, and go to state 12

    Expression  go to state 77
    Location    go to state 35
    Literal     go to state 28
    MethodCall  go to state 30


State 51

   63 Expression: Expression GT . Expression

    NOT    shift, and go to state 4
    OC     shift, and go to state 5
    SUB    shift, and go to state 6
    INTL   shift, and go to state 7
    UINTL  shift, and go to state 8
    CHAR   shift, and go to state 9
    TRUE   shift, and go to state 10
    FALSE  shift, and go to state 11
    ID     shift, and go to state 12

    Expression  go to state 78
    Location    go to state 35
    Literal     go to state 28
    MethodCall  go to state 30


State 52

   61 Expression: Expression LEQ . Expression

    NOT    shift, and go to state 4
    OC     shift, and go to state 5
    SUB    shift, and go to state 6
    INTL   shift, and go to state 7
    UINTL  shift, and go to state 8
    CHAR   shift, and go to state 9
    TRUE   shift, and go to state 10
    FALSE  shift, and go to state 11
    ID     shift, and go to state 12

    Expression  go to state 79
    Location    go to state 35
    Literal     go to state 28
    MethodCall  go to state 30


State 53

   65 Expression: Expression LT . Expression

    NOT    shift, and go to state 4
    OC     shift, and go to state 5
    SUB    shift, and go to state 6
    INTL   shift, and go to state 7
    UINTL  shift, and go to state 8
    CHAR   shift, and go to state 9
    TRUE   shift, and go to state 10
    FALSE  shift, and go to state 11
    ID     shift, and go to state 12

    Expression  go to state 80
    Location    go to state 35
    Literal     go to state 28
    MethodCall  go to state 30


State 54

   59 Expression: Expression MULT . Expression

    NOT    shift, and go to state 4
    OC     shift, and go to state 5
    SUB    shift, and go to state 6
    INTL   shift, and go to state 7
    UINTL  shift, and go to state 8
    CHAR   shift, and go to state 9
    TRUE   shift, and go to state 10
    FALSE  shift, and go to state 11
    ID     shift, and go to state 12

    Expression  go to state 81
    Location    go to state 35
    Literal     go to state 28
    MethodCall  go to state 30


State 55

   66 Expression: Expression NEQ . Expression

    NOT    shift, and go to state 4
    OC     shift, and go to state 5
    SUB    shift, and go to state 6
    INTL   shift, and go to state 7
    UINTL  shift, and go to state 8
    CHAR   shift, and go to state 9
    TRUE   shift, and go to state 10
    FALSE  shift, and go to state 11
    ID     shift, and go to state 12

    Expression  go to state 82
    Location    go to state 35
    Literal     go to state 28
    MethodCall  go to state 30


State 56

   58 Expression: Expression SUB . Expression

    NOT    shift, and go to state 4
    OC     shift, and go to state 5
    SUB    shift, and go to state 6
    INTL   shift, and go to state 7
    UINTL  shift, and go to state 8
    CHAR   shift, and go to state 9
    TRUE   shift, and go to state 10
    FALSE  shift, and go to state 11
    ID     shift, and go to state 12

    Expression  go to state 83
    Location    go to state 35
    Literal     go to state 28
    MethodCall  go to state 30


State 57

   67 Expression: Expression AND . Expression

    NOT    shift, and go to state 4
    OC     shift, and go to state 5
    SUB    shift, and go to state 6
    INTL   shift, and go to state 7
    UINTL  shift, and go to state 8
    CHAR   shift, and go to state 9
    TRUE   shift, and go to state 10
    FALSE  shift, and go to state 11
    ID     shift, and go to state 12

    Expression  go to state 84
    Location    go to state 35
    Literal     go to state 28
    MethodCall  go to state 30


State 58

   68 Expression: Expression OR . Expression

    NOT    shift, and go to state 4
    OC     shift, and go to state 5
    SUB    shift, and go to state 6
    INTL   shift, and go to state 7
    UINTL  shift, and go to state 8
    CHAR   shift, and go to state 9
    TRUE   shift, and go to state 10
    FALSE  shift, and go to state 11
    ID     shift, and go to state 12

    Expression  go to state 85
    Location    go to state 35
    Literal     go to state 28
    MethodCall  go to state 30


State 59

   52 AsignOp: ASGN .

    $default  reduce using rule 52 (AsignOp)


State 60

   53 AsignOp: PASGN .

    $default  reduce using rule 53 (AsignOp)


State 61

   54 AsignOp: SASGN .

    $default  reduce using rule 54 (AsignOp)


State 62

   46 Statement: Location AsignOp . Expression

    NOT    shift, and go to state 4
    OC     shift, and go to state 5
    SUB    shift, and go to state 6
    INTL   shift, and go to state 7
    UINTL  shift, and go to state 8
    CHAR   shift, and go to state 9
    TRUE   shift, and go to state 10
    FALSE  shift, and go to state 11
    ID     shift, and go to state 12

    Expression  go to state 86
    Location    go to state 35
    Literal     go to state 28
    MethodCall  go to state 30


State 63

   47 Statement: Vartype ID . AsignOp Expression
   49 Initialization: Vartype ID .

    ASGN   shift, and go to state 59
    PASGN  shift, and go to state 60
    SASGN  shift, and go to state 61

    $default  reduce using rule 49 (Initialization)

    AsignOp  go to state 87


State 64

   50 Initialization: ARRAY Vartype ID . OS Expression CS
   51               | ARRAY Vartype ID . OS Expression COMMA Expression CS

    OS  shift, and go to state 88


State 65

    8 Import: IMPORT ID STOP .

    $default  reduce using rule 8 (Import)


State 66

   11 Function: DEF ID OC . VoidableArgList CC OF ListOfCode CF

    VOID   shift, and go to state 89
    TINT   shift, and go to state 13
    TUINT  shift, and go to state 14
    TCHAR  shift, and go to state 15
    TBOOL  shift, and go to state 16

    ArgList          go to state 90
    VoidableArgList  go to state 91
    Vartype          go to state 92


State 67

   69 Expression: OC Expression CC .

    $default  reduce using rule 69 (Expression)


State 68

   85 MethodCall: ID OC CC .

    $default  reduce using rule 85 (MethodCall)


State 69

   57 Expression: Expression . ADD Expression
   58           | Expression . SUB Expression
   59           | Expression . MULT Expression
   60           | Expression . DIV Expression
   61           | Expression . LEQ Expression
   62           | Expression . GEQ Expression
   63           | Expression . GT Expression
   64           | Expression . EQ Expression
   65           | Expression . LT Expression
   66           | Expression . NEQ Expression
   67           | Expression . AND Expression
   68           | Expression . OR Expression
   87 ListOfExpr: Expression .

    ADD   shift, and go to state 47
    DIV   shift, and go to state 48
    EQ    shift, and go to state 49
    GEQ   shift, and go to state 50
    GT    shift, and go to state 51
    LEQ   shift, and go to state 52
    LT    shift, and go to state 53
    MULT  shift, and go to state 54
    NEQ   shift, and go to state 55
    SUB   shift, and go to state 56
    AND   shift, and go to state 57
    OR    shift, and go to state 58

    $default  reduce using rule 87 (ListOfExpr)


State 70

   86 MethodCall: ID OC ListOfExpr . CC
   88 ListOfExpr: ListOfExpr . COMMA Expression

    COMMA  shift, and go to state 93
    CC     shift, and go to state 94


State 71

   57 Expression: Expression . ADD Expression
   58           | Expression . SUB Expression
   59           | Expression . MULT Expression
   60           | Expression . DIV Expression
   61           | Expression . LEQ Expression
   62           | Expression . GEQ Expression
   63           | Expression . GT Expression
   64           | Expression . EQ Expression
   65           | Expression . LT Expression
   66           | Expression . NEQ Expression
   67           | Expression . AND Expression
   68           | Expression . OR Expression
   74 Location: ID OS Expression . CS
   75         | ID OS Expression . COMMA Expression CS

    COMMA  shift, and go to state 95
    CS     shift, and go to state 96
    ADD    shift, and go to state 47
    DIV    shift, and go to state 48
    EQ     shift, and go to state 49
    GEQ    shift, and go to state 50
    GT     shift, and go to state 51
    LEQ    shift, and go to state 52
    LT     shift, and go to state 53
    MULT   shift, and go to state 54
    NEQ    shift, and go to state 55
    SUB    shift, and go to state 56
    AND    shift, and go to state 57
    OR     shift, and go to state 58


State 72

    2 File: ImportList ListOfStatem ListofFunctions .
   10 ListofFunctions: ListofFunctions . Function

    DEF  shift, and go to state 3

    $default  reduce using rule 2 (File)

    Function  go to state 44


State 73

   43 ListOfStatem: ListOfStatem STOP Statement .

    $default  reduce using rule 43 (ListOfStatem)


State 74

   57 Expression: Expression . ADD Expression
   57           | Expression ADD Expression .
   58           | Expression . SUB Expression
   59           | Expression . MULT Expression
   60           | Expression . DIV Expression
   61           | Expression . LEQ Expression
   62           | Expression . GEQ Expression
   63           | Expression . GT Expression
   64           | Expression . EQ Expression
   65           | Expression . LT Expression
   66           | Expression . NEQ Expression
   67           | Expression . AND Expression
   68           | Expression . OR Expression

    DIV   shift, and go to state 48
    EQ    shift, and go to state 49
    GEQ   shift, and go to state 50
    GT    shift, and go to state 51
    LEQ   shift, and go to state 52
    LT    shift, and go to state 53
    MULT  shift, and go to state 54
    NEQ   shift, and go to state 55
    AND   shift, and go to state 57
    OR    shift, and go to state 58

    $default  reduce using rule 57 (Expression)


State 75

   57 Expression: Expression . ADD Expression
   58           | Expression . SUB Expression
   59           | Expression . MULT Expression
   60           | Expression . DIV Expression
   60           | Expression DIV Expression .
   61           | Expression . LEQ Expression
   62           | Expression . GEQ Expression
   63           | Expression . GT Expression
   64           | Expression . EQ Expression
   65           | Expression . LT Expression
   66           | Expression . NEQ Expression
   67           | Expression . AND Expression
   68           | Expression . OR Expression

    EQ   shift, and go to state 49
    GEQ  shift, and go to state 50
    GT   shift, and go to state 51
    LEQ  shift, and go to state 52
    LT   shift, and go to state 53
    NEQ  shift, and go to state 55
    AND  shift, and go to state 57
    OR   shift, and go to state 58

    $default  reduce using rule 60 (Expression)


State 76

   57 Expression: Expression . ADD Expression
   58           | Expression . SUB Expression
   59           | Expression . MULT Expression
   60           | Expression . DIV Expression
   61           | Expression . LEQ Expression
   62           | Expression . GEQ Expression
   63           | Expression . GT Expression
   64           | Expression . EQ Expression
   64           | Expression EQ Expression .
   65           | Expression . LT Expression
   66           | Expression . NEQ Expression
   67           | Expression . AND Expression
   68           | Expression . OR Expression

    AND  shift, and go to state 57
    OR   shift, and go to state 58

    $default  reduce using rule 64 (Expression)


State 77

   57 Expression: Expression . ADD Expression
   58           | Expression . SUB Expression
   59           | Expression . MULT Expression
   60           | Expression . DIV Expression
   61           | Expression . LEQ Expression
   62           | Expression . GEQ Expression
   62           | Expression GEQ Expression .
   63           | Expression . GT Expression
   64           | Expression . EQ Expression
   65           | Expression . LT Expression
   66           | Expression . NEQ Expression
   67           | Expression . AND Expression
   68           | Expression . OR Expression

    AND  shift, and go to state 57
    OR   shift, and go to state 58

    $default  reduce using rule 62 (Expression)


State 78

   57 Expression: Expression . ADD Expression
   58           | Expression . SUB Expression
   59           | Expression . MULT Expression
   60           | Expression . DIV Expression
   61           | Expression . LEQ Expression
   62           | Expression . GEQ Expression
   63           | Expression . GT Expression
   63           | Expression GT Expression .
   64           | Expression . EQ Expression
   65           | Expression . LT Expression
   66           | Expression . NEQ Expression
   67           | Expression . AND Expression
   68           | Expression . OR Expression

    AND  shift, and go to state 57
    OR   shift, and go to state 58

    $default  reduce using rule 63 (Expression)


State 79

   57 Expression: Expression . ADD Expression
   58           | Expression . SUB Expression
   59           | Expression . MULT Expression
   60           | Expression . DIV Expression
   61           | Expression . LEQ Expression
   61           | Expression LEQ Expression .
   62           | Expression . GEQ Expression
   63           | Expression . GT Expression
   64           | Expression . EQ Expression
   65           | Expression . LT Expression
   66           | Expression . NEQ Expression
   67           | Expression . AND Expression
   68           | Expression . OR Expression

    AND  shift, and go to state 57
    OR   shift, and go to state 58

    $default  reduce using rule 61 (Expression)


State 80

   57 Expression: Expression . ADD Expression
   58           | Expression . SUB Expression
   59           | Expression . MULT Expression
   60           | Expression . DIV Expression
   61           | Expression . LEQ Expression
   62           | Expression . GEQ Expression
   63           | Expression . GT Expression
   64           | Expression . EQ Expression
   65           | Expression . LT Expression
   65           | Expression LT Expression .
   66           | Expression . NEQ Expression
   67           | Expression . AND Expression
   68           | Expression . OR Expression

    AND  shift, and go to state 57
    OR   shift, and go to state 58

    $default  reduce using rule 65 (Expression)


State 81

   57 Expression: Expression . ADD Expression
   58           | Expression . SUB Expression
   59           | Expression . MULT Expression
   59           | Expression MULT Expression .
   60           | Expression . DIV Expression
   61           | Expression . LEQ Expression
   62           | Expression . GEQ Expression
   63           | Expression . GT Expression
   64           | Expression . EQ Expression
   65           | Expression . LT Expression
   66           | Expression . NEQ Expression
   67           | Expression . AND Expression
   68           | Expression . OR Expression

    EQ   shift, and go to state 49
    GEQ  shift, and go to state 50
    GT   shift, and go to state 51
    LEQ  shift, and go to state 52
    LT   shift, and go to state 53
    NEQ  shift, and go to state 55
    AND  shift, and go to state 57
    OR   shift, and go to state 58

    $default  reduce using rule 59 (Expression)


State 82

   57 Expression: Expression . ADD Expression
   58           | Expression . SUB Expression
   59           | Expression . MULT Expression
   60           | Expression . DIV Expression
   61           | Expression . LEQ Expression
   62           | Expression . GEQ Expression
   63           | Expression . GT Expression
   64           | Expression . EQ Expression
   65           | Expression . LT Expression
   66           | Expression . NEQ Expression
   66           | Expression NEQ Expression .
   67           | Expression . AND Expression
   68           | Expression . OR Expression

    AND  shift, and go to state 57
    OR   shift, and go to state 58

    $default  reduce using rule 66 (Expression)


State 83

   57 Expression: Expression . ADD Expression
   58           | Expression . SUB Expression
   58           | Expression SUB Expression .
   59           | Expression . MULT Expression
   60           | Expression . DIV Expression
   61           | Expression . LEQ Expression
   62           | Expression . GEQ Expression
   63           | Expression . GT Expression
   64           | Expression . EQ Expression
   65           | Expression . LT Expression
   66           | Expression . NEQ Expression
   67           | Expression . AND Expression
   68           | Expression . OR Expression

    DIV   shift, and go to state 48
    EQ    shift, and go to state 49
    GEQ   shift, and go to state 50
    GT    shift, and go to state 51
    LEQ   shift, and go to state 52
    LT    shift, and go to state 53
    MULT  shift, and go to state 54
    NEQ   shift, and go to state 55
    AND   shift, and go to state 57
    OR    shift, and go to state 58

    $default  reduce using rule 58 (Expression)


State 84

   57 Expression: Expression . ADD Expression
   58           | Expression . SUB Expression
   59           | Expression . MULT Expression
   60           | Expression . DIV Expression
   61           | Expression . LEQ Expression
   62           | Expression . GEQ Expression
   63           | Expression . GT Expression
   64           | Expression . EQ Expression
   65           | Expression . LT Expression
   66           | Expression . NEQ Expression
   67           | Expression . AND Expression
   67           | Expression AND Expression .
   68           | Expression . OR Expression

    $default  reduce using rule 67 (Expression)


State 85

   57 Expression: Expression . ADD Expression
   58           | Expression . SUB Expression
   59           | Expression . MULT Expression
   60           | Expression . DIV Expression
   61           | Expression . LEQ Expression
   62           | Expression . GEQ Expression
   63           | Expression . GT Expression
   64           | Expression . EQ Expression
   65           | Expression . LT Expression
   66           | Expression . NEQ Expression
   67           | Expression . AND Expression
   68           | Expression . OR Expression
   68           | Expression OR Expression .

    $default  reduce using rule 68 (Expression)


State 86

   46 Statement: Location AsignOp Expression .
   57 Expression: Expression . ADD Expression
   58           | Expression . SUB Expression
   59           | Expression . MULT Expression
   60           | Expression . DIV Expression
   61           | Expression . LEQ Expression
   62           | Expression . GEQ Expression
   63           | Expression . GT Expression
   64           | Expression . EQ Expression
   65           | Expression . LT Expression
   66           | Expression . NEQ Expression
   67           | Expression . AND Expression
   68           | Expression . OR Expression

    ADD   shift, and go to state 47
    DIV   shift, and go to state 48
    EQ    shift, and go to state 49
    GEQ   shift, and go to state 50
    GT    shift, and go to state 51
    LEQ   shift, and go to state 52
    LT    shift, and go to state 53
    MULT  shift, and go to state 54
    NEQ   shift, and go to state 55
    SUB   shift, and go to state 56
    AND   shift, and go to state 57
    OR    shift, and go to state 58

    $default  reduce using rule 46 (Statement)


State 87

   47 Statement: Vartype ID AsignOp . Expression

    NOT    shift, and go to state 4
    OC     shift, and go to state 5
    SUB    shift, and go to state 6
    INTL   shift, and go to state 7
    UINTL  shift, and go to state 8
    CHAR   shift, and go to state 9
    TRUE   shift, and go to state 10
    FALSE  shift, and go to state 11
    ID     shift, and go to state 12

    Expression  go to state 97
    Location    go to state 35
    Literal     go to state 28
    MethodCall  go to state 30


State 88

   50 Initialization: ARRAY Vartype ID OS . Expression CS
   51               | ARRAY Vartype ID OS . Expression COMMA Expression CS

    NOT    shift, and go to state 4
    OC     shift, and go to state 5
    SUB    shift, and go to state 6
    INTL   shift, and go to state 7
    UINTL  shift, and go to state 8
    CHAR   shift, and go to state 9
    TRUE   shift, and go to state 10
    FALSE  shift, and go to state 11
    ID     shift, and go to state 12

    Expression  go to state 98
    Location    go to state 35
    Literal     go to state 28
    MethodCall  go to state 30


State 89

   14 VoidableArgList: VOID .

    $default  reduce using rule 14 (VoidableArgList)


State 90

   13 ArgList: ArgList . COMMA Vartype ID
   15 VoidableArgList: ArgList .

    COMMA  shift, and go to state 99

    $default  reduce using rule 15 (VoidableArgList)


State 91

   11 Function: DEF ID OC VoidableArgList . CC OF ListOfCode CF

    CC  shift, and go to state 100


State 92

   12 ArgList: Vartype . ID

    ID  shift, and go to state 101


State 93

   88 ListOfExpr: ListOfExpr COMMA . Expression

    NOT    shift, and go to state 4
    OC     shift, and go to state 5
    SUB    shift, and go to state 6
    INTL   shift, and go to state 7
    UINTL  shift, and go to state 8
    CHAR   shift, and go to state 9
    TRUE   shift, and go to state 10
    FALSE  shift, and go to state 11
    ID     shift, and go to state 12

    Expression  go to state 102
    Location    go to state 35
    Literal     go to state 28
    MethodCall  go to state 30


State 94

   86 MethodCall: ID OC ListOfExpr CC .

    $default  reduce using rule 86 (MethodCall)


State 95

   75 Location: ID OS Expression COMMA . Expression CS

    NOT    shift, and go to state 4
    OC     shift, and go to state 5
    SUB    shift, and go to state 6
    INTL   shift, and go to state 7
    UINTL  shift, and go to state 8
    CHAR   shift, and go to state 9
    TRUE   shift, and go to state 10
    FALSE  shift, and go to state 11
    ID     shift, and go to state 12

    Expression  go to state 103
    Location    go to state 35
    Literal     go to state 28
    MethodCall  go to state 30


State 96

   74 Location: ID OS Expression CS .

    $default  reduce using rule 74 (Location)


State 97

   47 Statement: Vartype ID AsignOp Expression .
   57 Expression: Expression . ADD Expression
   58           | Expression . SUB Expression
   59           | Expression . MULT Expression
   60           | Expression . DIV Expression
   61           | Expression . LEQ Expression
   62           | Expression . GEQ Expression
   63           | Expression . GT Expression
   64           | Expression . EQ Expression
   65           | Expression . LT Expression
   66           | Expression . NEQ Expression
   67           | Expression . AND Expression
   68           | Expression . OR Expression

    ADD   shift, and go to state 47
    DIV   shift, and go to state 48
    EQ    shift, and go to state 49
    GEQ   shift, and go to state 50
    GT    shift, and go to state 51
    LEQ   shift, and go to state 52
    LT    shift, and go to state 53
    MULT  shift, and go to state 54
    NEQ   shift, and go to state 55
    SUB   shift, and go to state 56
    AND   shift, and go to state 57
    OR    shift, and go to state 58

    $default  reduce using rule 47 (Statement)


State 98

   50 Initialization: ARRAY Vartype ID OS Expression . CS
   51               | ARRAY Vartype ID OS Expression . COMMA Expression CS
   57 Expression: Expression . ADD Expression
   58           | Expression . SUB Expression
   59           | Expression . MULT Expression
   60           | Expression . DIV Expression
   61           | Expression . LEQ Expression
   62           | Expression . GEQ Expression
   63           | Expression . GT Expression
   64           | Expression . EQ Expression
   65           | Expression . LT Expression
   66           | Expression . NEQ Expression
   67           | Expression . AND Expression
   68           | Expression . OR Expression

    COMMA  shift, and go to state 104
    CS     shift, and go to state 105
    ADD    shift, and go to state 47
    DIV    shift, and go to state 48
    EQ     shift, and go to state 49
    GEQ    shift, and go to state 50
    GT     shift, and go to state 51
    LEQ    shift, and go to state 52
    LT     shift, and go to state 53
    MULT   shift, and go to state 54
    NEQ    shift, and go to state 55
    SUB    shift, and go to state 56
    AND    shift, and go to state 57
    OR     shift, and go to state 58


State 99

   13 ArgList: ArgList COMMA . Vartype ID

    TINT   shift, and go to state 13
    TUINT  shift, and go to state 14
    TCHAR  shift, and go to state 15
    TBOOL  shift, and go to state 16

    Vartype  go to state 106


State 100

   11 Function: DEF ID OC VoidableArgList CC . OF ListOfCode CF

    OF  shift, and go to state 107


State 101

   12 ArgList: Vartype ID .

    $default  reduce using rule 12 (ArgList)


State 102

   57 Expression: Expression . ADD Expression
   58           | Expression . SUB Expression
   59           | Expression . MULT Expression
   60           | Expression . DIV Expression
   61           | Expression . LEQ Expression
   62           | Expression . GEQ Expression
   63           | Expression . GT Expression
   64           | Expression . EQ Expression
   65           | Expression . LT Expression
   66           | Expression . NEQ Expression
   67           | Expression . AND Expression
   68           | Expression . OR Expression
   88 ListOfExpr: ListOfExpr COMMA Expression .

    ADD   shift, and go to state 47
    DIV   shift, and go to state 48
    EQ    shift, and go to state 49
    GEQ   shift, and go to state 50
    GT    shift, and go to state 51
    LEQ   shift, and go to state 52
    LT    shift, and go to state 53
    MULT  shift, and go to state 54
    NEQ   shift, and go to state 55
    SUB   shift, and go to state 56
    AND   shift, and go to state 57
    OR    shift, and go to state 58

    $default  reduce using rule 88 (ListOfExpr)


State 103

   57 Expression: Expression . ADD Expression
   58           | Expression . SUB Expression
   59           | Expression . MULT Expression
   60           | Expression . DIV Expression
   61           | Expression . LEQ Expression
   62           | Expression . GEQ Expression
   63           | Expression . GT Expression
   64           | Expression . EQ Expression
   65           | Expression . LT Expression
   66           | Expression . NEQ Expression
   67           | Expression . AND Expression
   68           | Expression . OR Expression
   75 Location: ID OS Expression COMMA Expression . CS

    CS    shift, and go to state 108
    ADD   shift, and go to state 47
    DIV   shift, and go to state 48
    EQ    shift, and go to state 49
    GEQ   shift, and go to state 50
    GT    shift, and go to state 51
    LEQ   shift, and go to state 52
    LT    shift, and go to state 53
    MULT  shift, and go to state 54
    NEQ   shift, and go to state 55
    SUB   shift, and go to state 56
    AND   shift, and go to state 57
    OR    shift, and go to state 58


State 104

   51 Initialization: ARRAY Vartype ID OS Expression COMMA . Expression CS

    NOT    shift, and go to state 4
    OC     shift, and go to state 5
    SUB    shift, and go to state 6
    INTL   shift, and go to state 7
    UINTL  shift, and go to state 8
    CHAR   shift, and go to state 9
    TRUE   shift, and go to state 10
    FALSE  shift, and go to state 11
    ID     shift, and go to state 12

    Expression  go to state 109
    Location    go to state 35
    Literal     go to state 28
    MethodCall  go to state 30


State 105

   50 Initialization: ARRAY Vartype ID OS Expression CS .

    $default  reduce using rule 50 (Initialization)


State 106

   13 ArgList: ArgList COMMA Vartype . ID

    ID  shift, and go to state 110


State 107

   11 Function: DEF ID OC VoidableArgList CC OF . ListOfCode CF

    ARRAY   shift, and go to state 1
    RETURN  shift, and go to state 111
    BREAK   shift, and go to state 112
    IF      shift, and go to state 113
    FOR     shift, and go to state 114
    WHILE   shift, and go to state 115
    NOT     shift, and go to state 4
    OC      shift, and go to state 5
    SUB     shift, and go to state 6
    INTL    shift, and go to state 7
    UINTL   shift, and go to state 8
    CHAR    shift, and go to state 9
    TRUE    shift, and go to state 10
    FALSE   shift, and go to state 11
    ID      shift, and go to state 12
    TINT    shift, and go to state 13
    TUINT   shift, and go to state 14
    TCHAR   shift, and go to state 15
    TBOOL   shift, and go to state 16

    ListOfCode      go to state 116
    Code            go to state 117
    Loop            go to state 118
    TernaryOp       go to state 119
    ForLoop         go to state 120
    WhileLoop       go to state 121
    Return          go to state 122
    Break           go to state 123
    Conditional     go to state 124
    ListOfStatem    go to state 125
    Statement       go to state 126
    Initialization  go to state 25
    Expression      go to state 26
    Location        go to state 27
    Literal         go to state 28
    Vartype         go to state 29
    MethodCall      go to state 30


State 108

   75 Location: ID OS Expression COMMA Expression CS .

    $default  reduce using rule 75 (Location)


State 109

   51 Initialization: ARRAY Vartype ID OS Expression COMMA Expression . CS
   57 Expression: Expression . ADD Expression
   58           | Expression . SUB Expression
   59           | Expression . MULT Expression
   60           | Expression . DIV Expression
   61           | Expression . LEQ Expression
   62           | Expression . GEQ Expression
   63           | Expression . GT Expression
   64           | Expression . EQ Expression
   65           | Expression . LT Expression
   66           | Expression . NEQ Expression
   67           | Expression . AND Expression
   68           | Expression . OR Expression

    CS    shift, and go to state 127
    ADD   shift, and go to state 47
    DIV   shift, and go to state 48
    EQ    shift, and go to state 49
    GEQ   shift, and go to state 50
    GT    shift, and go to state 51
    LEQ   shift, and go to state 52
    LT    shift, and go to state 53
    MULT  shift, and go to state 54
    NEQ   shift, and go to state 55
    SUB   shift, and go to state 56
    AND   shift, and go to state 57
    OR    shift, and go to state 58


State 110

   13 ArgList: ArgList COMMA Vartype ID .

    $default  reduce using rule 13 (ArgList)


State 111

   29 Return: RETURN . VOID STOP
   30       | RETURN . ListOfExpr STOP

    NOT    shift, and go to state 4
    OC     shift, and go to state 5
    SUB    shift, and go to state 6
    INTL   shift, and go to state 7
    UINTL  shift, and go to state 8
    CHAR   shift, and go to state 9
    TRUE   shift, and go to state 10
    FALSE  shift, and go to state 11
    ID     shift, and go to state 12
    VOID   shift, and go to state 128

    Expression  go to state 69
    Location    go to state 35
    Literal     go to state 28
    MethodCall  go to state 30
    ListOfExpr  go to state 129


State 112

   31 Break: BREAK . STOP

    STOP  shift, and go to state 130


State 113

   36 Conditional: IF . OC Expression CC OF ListOfCode CF
   37            | IF . OC Expression CC OF ListOfCode CF Else_Block

    OC  shift, and go to state 131


State 114

   27 ForLoop: FOR . OC Voidable SCOMMA Expression SCOMMA Voidable CC OF ListOfCode CF

    OC  shift, and go to state 132


State 115

   28 WhileLoop: WHILE . OC VoidableSingleStatement CC OF ListOfCode CF

    OC  shift, and go to state 133


State 116

   11 Function: DEF ID OC VoidableArgList CC OF ListOfCode . CF
   17 ListOfCode: ListOfCode . Code

    ARRAY   shift, and go to state 1
    RETURN  shift, and go to state 111
    BREAK   shift, and go to state 112
    IF      shift, and go to state 113
    FOR     shift, and go to state 114
    WHILE   shift, and go to state 115
    NOT     shift, and go to state 4
    CF      shift, and go to state 134
    OC      shift, and go to state 5
    SUB     shift, and go to state 6
    INTL    shift, and go to state 7
    UINTL   shift, and go to state 8
    CHAR    shift, and go to state 9
    TRUE    shift, and go to state 10
    FALSE   shift, and go to state 11
    ID      shift, and go to state 12
    TINT    shift, and go to state 13
    TUINT   shift, and go to state 14
    TCHAR   shift, and go to state 15
    TBOOL   shift, and go to state 16

    Code            go to state 135
    Loop            go to state 118
    TernaryOp       go to state 119
    ForLoop         go to state 120
    WhileLoop       go to state 121
    Return          go to state 122
    Break           go to state 123
    Conditional     go to state 124
    ListOfStatem    go to state 125
    Statement       go to state 126
    Initialization  go to state 25
    Expression      go to state 26
    Location        go to state 27
    Literal         go to state 28
    Vartype         go to state 29
    MethodCall      go to state 30


State 117

   16 ListOfCode: Code .

    $default  reduce using rule 16 (ListOfCode)


State 118

   20 Code: Loop .

    $default  reduce using rule 20 (Code)


State 119

   23 Code: TernaryOp .

    $default  reduce using rule 23 (Code)


State 120

   24 Loop: ForLoop .

    $default  reduce using rule 24 (Loop)


State 121

   25 Loop: WhileLoop .

    $default  reduce using rule 25 (Loop)


State 122

   21 Code: Return .

    $default  reduce using rule 21 (Code)


State 123

   22 Code: Break .

    $default  reduce using rule 22 (Code)


State 124

   19 Code: Conditional .

    $default  reduce using rule 19 (Code)


State 125

   18 Code: ListOfStatem .
   43 ListOfStatem: ListOfStatem . STOP Statement

    STOP  shift, and go to state 45

    $default  reduce using rule 18 (Code)


State 126

   26 TernaryOp: Statement . QUEST Statement COLON Statement STOP
   44 ListOfStatem: Statement .

    QUEST  shift, and go to state 136

    $default  reduce using rule 44 (ListOfStatem)


State 127

   51 Initialization: ARRAY Vartype ID OS Expression COMMA Expression CS .

    $default  reduce using rule 51 (Initialization)


State 128

   29 Return: RETURN VOID . STOP

    STOP  shift, and go to state 137


State 129

   30 Return: RETURN ListOfExpr . STOP
   88 ListOfExpr: ListOfExpr . COMMA Expression

    COMMA  shift, and go to state 93
    STOP   shift, and go to state 138


State 130

   31 Break: BREAK STOP .

    $default  reduce using rule 31 (Break)


State 131

   36 Conditional: IF OC . Expression CC OF ListOfCode CF
   37            | IF OC . Expression CC OF ListOfCode CF Else_Block

    NOT    shift, and go to state 4
    OC     shift, and go to state 5
    SUB    shift, and go to state 6
    INTL   shift, and go to state 7
    UINTL  shift, and go to state 8
    CHAR   shift, and go to state 9
    TRUE   shift, and go to state 10
    FALSE  shift, and go to state 11
    ID     shift, and go to state 12

    Expression  go to state 139
    Location    go to state 35
    Literal     go to state 28
    MethodCall  go to state 30


State 132

   27 ForLoop: FOR OC . Voidable SCOMMA Expression SCOMMA Voidable CC OF ListOfCode CF

    ARRAY  shift, and go to state 1
    NOT    shift, and go to state 4
    OC     shift, and go to state 5
    SUB    shift, and go to state 6
    INTL   shift, and go to state 7
    UINTL  shift, and go to state 8
    CHAR   shift, and go to state 9
    TRUE   shift, and go to state 10
    FALSE  shift, and go to state 11
    ID     shift, and go to state 12
    VOID   shift, and go to state 140
    TINT   shift, and go to state 13
    TUINT  shift, and go to state 14
    TCHAR  shift, and go to state 15
    TBOOL  shift, and go to state 16

    Voidable        go to state 141
    ListOfStatem    go to state 142
    Statement       go to state 24
    Initialization  go to state 25
    Expression      go to state 26
    Location        go to state 27
    Literal         go to state 28
    Vartype         go to state 29
    MethodCall      go to state 30


State 133

   28 WhileLoop: WHILE OC . VoidableSingleStatement CC OF ListOfCode CF

    ARRAY  shift, and go to state 1
    NOT    shift, and go to state 4
    OC     shift, and go to state 5
    SUB    shift, and go to state 6
    INTL   shift, and go to state 7
    UINTL  shift, and go to state 8
    CHAR   shift, and go to state 9
    TRUE   shift, and go to state 10
    FALSE  shift, and go to state 11
    ID     shift, and go to state 12
    VOID   shift, and go to state 143
    TINT   shift, and go to state 13
    TUINT  shift, and go to state 14
    TCHAR  shift, and go to state 15
    TBOOL  shift, and go to state 16

    VoidableSingleStatement  go to state 144
    Statement                go to state 145
    Initialization           go to state 25
    Expression               go to state 26
    Location                 go to state 27
    Literal                  go to state 28
    Vartype                  go to state 29
    MethodCall               go to state 30


State 134

   11 Function: DEF ID OC VoidableArgList CC OF ListOfCode CF .

    $default  reduce using rule 11 (Function)


State 135

   17 ListOfCode: ListOfCode Code .

    $default  reduce using rule 17 (ListOfCode)


State 136

   26 TernaryOp: Statement QUEST . Statement COLON Statement STOP

    ARRAY  shift, and go to state 1
    NOT    shift, and go to state 4
    OC     shift, and go to state 5
    SUB    shift, and go to state 6
    INTL   shift, and go to state 7
    UINTL  shift, and go to state 8
    CHAR   shift, and go to state 9
    TRUE   shift, and go to state 10
    FALSE  shift, and go to state 11
    ID     shift, and go to state 12
    TINT   shift, and go to state 13
    TUINT  shift, and go to state 14
    TCHAR  shift, and go to state 15
    TBOOL  shift, and go to state 16

    Statement       go to state 146
    Initialization  go to state 25
    Expression      go to state 26
    Location        go to state 27
    Literal         go to state 28
    Vartype         go to state 29
    MethodCall      go to state 30


State 137

   29 Return: RETURN VOID STOP .

    $default  reduce using rule 29 (Return)


State 138

   30 Return: RETURN ListOfExpr STOP .

    $default  reduce using rule 30 (Return)


State 139

   36 Conditional: IF OC Expression . CC OF ListOfCode CF
   37            | IF OC Expression . CC OF ListOfCode CF Else_Block
   57 Expression: Expression . ADD Expression
   58           | Expression . SUB Expression
   59           | Expression . MULT Expression
   60           | Expression . DIV Expression
   61           | Expression . LEQ Expression
   62           | Expression . GEQ Expression
   63           | Expression . GT Expression
   64           | Expression . EQ Expression
   65           | Expression . LT Expression
   66           | Expression . NEQ Expression
   67           | Expression . AND Expression
   68           | Expression . OR Expression

    CC    shift, and go to state 147
    ADD   shift, and go to state 47
    DIV   shift, and go to state 48
    EQ    shift, and go to state 49
    GEQ   shift, and go to state 50
    GT    shift, and go to state 51
    LEQ   shift, and go to state 52
    LT    shift, and go to state 53
    MULT  shift, and go to state 54
    NEQ   shift, and go to state 55
    SUB   shift, and go to state 56
    AND   shift, and go to state 57
    OR    shift, and go to state 58


State 140

   34 Voidable: VOID .

    $default  reduce using rule 34 (Voidable)


State 141

   27 ForLoop: FOR OC Voidable . SCOMMA Expression SCOMMA Voidable CC OF ListOfCode CF

    SCOMMA  shift, and go to state 148


State 142

   35 Voidable: ListOfStatem .
   43 ListOfStatem: ListOfStatem . STOP Statement

    STOP  shift, and go to state 45

    $default  reduce using rule 35 (Voidable)


State 143

   32 VoidableSingleStatement: VOID .

    $default  reduce using rule 32 (VoidableSingleStatement)


State 144

   28 WhileLoop: WHILE OC VoidableSingleStatement . CC OF ListOfCode CF

    CC  shift, and go to state 149


State 145

   33 VoidableSingleStatement: Statement .

    $default  reduce using rule 33 (VoidableSingleStatement)


State 146

   26 TernaryOp: Statement QUEST Statement . COLON Statement STOP

    COLON  shift, and go to state 150


State 147

   36 Conditional: IF OC Expression CC . OF ListOfCode CF
   37            | IF OC Expression CC . OF ListOfCode CF Else_Block

    OF  shift, and go to state 151


State 148

   27 ForLoop: FOR OC Voidable SCOMMA . Expression SCOMMA Voidable CC OF ListOfCode CF

    NOT    shift, and go to state 4
    OC     shift, and go to state 5
    SUB    shift, and go to state 6
    INTL   shift, and go to state 7
    UINTL  shift, and go to state 8
    CHAR   shift, and go to state 9
    TRUE   shift, and go to state 10
    FALSE  shift, and go to state 11
    ID     shift, and go to state 12

    Expression  go to state 152
    Location    go to state 35
    Literal     go to state 28
    MethodCall  go to state 30


State 149

   28 WhileLoop: WHILE OC VoidableSingleStatement CC . OF ListOfCode CF

    OF  shift, and go to state 153


State 150

   26 TernaryOp: Statement QUEST Statement COLON . Statement STOP

    ARRAY  shift, and go to state 1
    NOT    shift, and go to state 4
    OC     shift, and go to state 5
    SUB    shift, and go to state 6
    INTL   shift, and go to state 7
    UINTL  shift, and go to state 8
    CHAR   shift, and go to state 9
    TRUE   shift, and go to state 10
    FALSE  shift, and go to state 11
    ID     shift, and go to state 12
    TINT   shift, and go to state 13
    TUINT  shift, and go to state 14
    TCHAR  shift, and go to state 15
    TBOOL  shift, and go to state 16

    Statement       go to state 154
    Initialization  go to state 25
    Expression      go to state 26
    Location        go to state 27
    Literal         go to state 28
    Vartype         go to state 29
    MethodCall      go to state 30


State 151

   36 Conditional: IF OC Expression CC OF . ListOfCode CF
   37            | IF OC Expression CC OF . ListOfCode CF Else_Block

    ARRAY   shift, and go to state 1
    RETURN  shift, and go to state 111
    BREAK   shift, and go to state 112
    IF      shift, and go to state 113
    FOR     shift, and go to state 114
    WHILE   shift, and go to state 115
    NOT     shift, and go to state 4
    OC      shift, and go to state 5
    SUB     shift, and go to state 6
    INTL    shift, and go to state 7
    UINTL   shift, and go to state 8
    CHAR    shift, and go to state 9
    TRUE    shift, and go to state 10
    FALSE   shift, and go to state 11
    ID      shift, and go to state 12
    TINT    shift, and go to state 13
    TUINT   shift, and go to state 14
    TCHAR   shift, and go to state 15
    TBOOL   shift, and go to state 16

    ListOfCode      go to state 155
    Code            go to state 117
    Loop            go to state 118
    TernaryOp       go to state 119
    ForLoop         go to state 120
    WhileLoop       go to state 121
    Return          go to state 122
    Break           go to state 123
    Conditional     go to state 124
    ListOfStatem    go to state 125
    Statement       go to state 126
    Initialization  go to state 25
    Expression      go to state 26
    Location        go to state 27
    Literal         go to state 28
    Vartype         go to state 29
    MethodCall      go to state 30


State 152

   27 ForLoop: FOR OC Voidable SCOMMA Expression . SCOMMA Voidable CC OF ListOfCode CF
   57 Expression: Expression . ADD Expression
   58           | Expression . SUB Expression
   59           | Expression . MULT Expression
   60           | Expression . DIV Expression
   61           | Expression . LEQ Expression
   62           | Expression . GEQ Expression
   63           | Expression . GT Expression
   64           | Expression . EQ Expression
   65           | Expression . LT Expression
   66           | Expression . NEQ Expression
   67           | Expression . AND Expression
   68           | Expression . OR Expression

    SCOMMA  shift, and go to state 156
    ADD     shift, and go to state 47
    DIV     shift, and go to state 48
    EQ      shift, and go to state 49
    GEQ     shift, and go to state 50
    GT      shift, and go to state 51
    LEQ     shift, and go to state 52
    LT      shift, and go to state 53
    MULT    shift, and go to state 54
    NEQ     shift, and go to state 55
    SUB     shift, and go to state 56
    AND     shift, and go to state 57
    OR      shift, and go to state 58


State 153

   28 WhileLoop: WHILE OC VoidableSingleStatement CC OF . ListOfCode CF

    ARRAY   shift, and go to state 1
    RETURN  shift, and go to state 111
    BREAK   shift, and go to state 112
    IF      shift, and go to state 113
    FOR     shift, and go to state 114
    WHILE   shift, and go to state 115
    NOT     shift, and go to state 4
    OC      shift, and go to state 5
    SUB     shift, and go to state 6
    INTL    shift, and go to state 7
    UINTL   shift, and go to state 8
    CHAR    shift, and go to state 9
    TRUE    shift, and go to state 10
    FALSE   shift, and go to state 11
    ID      shift, and go to state 12
    TINT    shift, and go to state 13
    TUINT   shift, and go to state 14
    TCHAR   shift, and go to state 15
    TBOOL   shift, and go to state 16

    ListOfCode      go to state 157
    Code            go to state 117
    Loop            go to state 118
    TernaryOp       go to state 119
    ForLoop         go to state 120
    WhileLoop       go to state 121
    Return          go to state 122
    Break           go to state 123
    Conditional     go to state 124
    ListOfStatem    go to state 125
    Statement       go to state 126
    Initialization  go to state 25
    Expression      go to state 26
    Location        go to state 27
    Literal         go to state 28
    Vartype         go to state 29
    MethodCall      go to state 30


State 154

   26 TernaryOp: Statement QUEST Statement COLON Statement . STOP

    STOP  shift, and go to state 158


State 155

   17 ListOfCode: ListOfCode . Code
   36 Conditional: IF OC Expression CC OF ListOfCode . CF
   37            | IF OC Expression CC OF ListOfCode . CF Else_Block

    ARRAY   shift, and go to state 1
    RETURN  shift, and go to state 111
    BREAK   shift, and go to state 112
    IF      shift, and go to state 113
    FOR     shift, and go to state 114
    WHILE   shift, and go to state 115
    NOT     shift, and go to state 4
    CF      shift, and go to state 159
    OC      shift, and go to state 5
    SUB     shift, and go to state 6
    INTL    shift, and go to state 7
    UINTL   shift, and go to state 8
    CHAR    shift, and go to state 9
    TRUE    shift, and go to state 10
    FALSE   shift, and go to state 11
    ID      shift, and go to state 12
    TINT    shift, and go to state 13
    TUINT   shift, and go to state 14
    TCHAR   shift, and go to state 15
    TBOOL   shift, and go to state 16

    Code            go to state 135
    Loop            go to state 118
    TernaryOp       go to state 119
    ForLoop         go to state 120
    WhileLoop       go to state 121
    Return          go to state 122
    Break           go to state 123
    Conditional     go to state 124
    ListOfStatem    go to state 125
    Statement       go to state 126
    Initialization  go to state 25
    Expression      go to state 26
    Location        go to state 27
    Literal         go to state 28
    Vartype         go to state 29
    MethodCall      go to state 30


State 156

   27 ForLoop: FOR OC Voidable SCOMMA Expression SCOMMA . Voidable CC OF ListOfCode CF

    ARRAY  shift, and go to state 1
    NOT    shift, and go to state 4
    OC     shift, and go to state 5
    SUB    shift, and go to state 6
    INTL   shift, and go to state 7
    UINTL  shift, and go to state 8
    CHAR   shift, and go to state 9
    TRUE   shift, and go to state 10
    FALSE  shift, and go to state 11
    ID     shift, and go to state 12
    VOID   shift, and go to state 140
    TINT   shift, and go to state 13
    TUINT  shift, and go to state 14
    TCHAR  shift, and go to state 15
    TBOOL  shift, and go to state 16

    Voidable        go to state 160
    ListOfStatem    go to state 142
    Statement       go to state 24
    Initialization  go to state 25
    Expression      go to state 26
    Location        go to state 27
    Literal         go to state 28
    Vartype         go to state 29
    MethodCall      go to state 30


State 157

   17 ListOfCode: ListOfCode . Code
   28 WhileLoop: WHILE OC VoidableSingleStatement CC OF ListOfCode . CF

    ARRAY   shift, and go to state 1
    RETURN  shift, and go to state 111
    BREAK   shift, and go to state 112
    IF      shift, and go to state 113
    FOR     shift, and go to state 114
    WHILE   shift, and go to state 115
    NOT     shift, and go to state 4
    CF      shift, and go to state 161
    OC      shift, and go to state 5
    SUB     shift, and go to state 6
    INTL    shift, and go to state 7
    UINTL   shift, and go to state 8
    CHAR    shift, and go to state 9
    TRUE    shift, and go to state 10
    FALSE   shift, and go to state 11
    ID      shift, and go to state 12
    TINT    shift, and go to state 13
    TUINT   shift, and go to state 14
    TCHAR   shift, and go to state 15
    TBOOL   shift, and go to state 16

    Code            go to state 135
    Loop            go to state 118
    TernaryOp       go to state 119
    ForLoop         go to state 120
    WhileLoop       go to state 121
    Return          go to state 122
    Break           go to state 123
    Conditional     go to state 124
    ListOfStatem    go to state 125
    Statement       go to state 126
    Initialization  go to state 25
    Expression      go to state 26
    Location        go to state 27
    Literal         go to state 28
    Vartype         go to state 29
    MethodCall      go to state 30


State 158

   26 TernaryOp: Statement QUEST Statement COLON Statement STOP .

    $default  reduce using rule 26 (TernaryOp)


State 159

   36 Conditional: IF OC Expression CC OF ListOfCode CF .
   37            | IF OC Expression CC OF ListOfCode CF . Else_Block

    ELIF  shift, and go to state 162
    ELSE  shift, and go to state 163

    $default  reduce using rule 36 (Conditional)

    Else_Block  go to state 164
    Elif_Piece  go to state 165
    Else_Piece  go to state 166


State 160

   27 ForLoop: FOR OC Voidable SCOMMA Expression SCOMMA Voidable . CC OF ListOfCode CF

    CC  shift, and go to state 167


State 161

   28 WhileLoop: WHILE OC VoidableSingleStatement CC OF ListOfCode CF .

    $default  reduce using rule 28 (WhileLoop)


State 162

   41 Elif_Piece: ELIF . OC Expression CC OF ListOfCode CF

    OC  shift, and go to state 168


State 163

   42 Else_Piece: ELSE . OF ListOfCode CF

    OF  shift, and go to state 169


State 164

   37 Conditional: IF OC Expression CC OF ListOfCode CF Else_Block .

    $default  reduce using rule 37 (Conditional)


State 165

   39 Else_Block: Elif_Piece .
   40           | Elif_Piece . Else_Block

    ELIF  shift, and go to state 162
    ELSE  shift, and go to state 163

    $default  reduce using rule 39 (Else_Block)

    Else_Block  go to state 170
    Elif_Piece  go to state 165
    Else_Piece  go to state 166


State 166

   38 Else_Block: Else_Piece .

    $default  reduce using rule 38 (Else_Block)


State 167

   27 ForLoop: FOR OC Voidable SCOMMA Expression SCOMMA Voidable CC . OF ListOfCode CF

    OF  shift, and go to state 171


State 168

   41 Elif_Piece: ELIF OC . Expression CC OF ListOfCode CF

    NOT    shift, and go to state 4
    OC     shift, and go to state 5
    SUB    shift, and go to state 6
    INTL   shift, and go to state 7
    UINTL  shift, and go to state 8
    CHAR   shift, and go to state 9
    TRUE   shift, and go to state 10
    FALSE  shift, and go to state 11
    ID     shift, and go to state 12

    Expression  go to state 172
    Location    go to state 35
    Literal     go to state 28
    MethodCall  go to state 30


State 169

   42 Else_Piece: ELSE OF . ListOfCode CF

    ARRAY   shift, and go to state 1
    RETURN  shift, and go to state 111
    BREAK   shift, and go to state 112
    IF      shift, and go to state 113
    FOR     shift, and go to state 114
    WHILE   shift, and go to state 115
    NOT     shift, and go to state 4
    OC      shift, and go to state 5
    SUB     shift, and go to state 6
    INTL    shift, and go to state 7
    UINTL   shift, and go to state 8
    CHAR    shift, and go to state 9
    TRUE    shift, and go to state 10
    FALSE   shift, and go to state 11
    ID      shift, and go to state 12
    TINT    shift, and go to state 13
    TUINT   shift, and go to state 14
    TCHAR   shift, and go to state 15
    TBOOL   shift, and go to state 16

    ListOfCode      go to state 173
    Code            go to state 117
    Loop            go to state 118
    TernaryOp       go to state 119
    ForLoop         go to state 120
    WhileLoop       go to state 121
    Return          go to state 122
    Break           go to state 123
    Conditional     go to state 124
    ListOfStatem    go to state 125
    Statement       go to state 126
    Initialization  go to state 25
    Expression      go to state 26
    Location        go to state 27
    Literal         go to state 28
    Vartype         go to state 29
    MethodCall      go to state 30


State 170

   40 Else_Block: Elif_Piece Else_Block .

    $default  reduce using rule 40 (Else_Block)


State 171

   27 ForLoop: FOR OC Voidable SCOMMA Expression SCOMMA Voidable CC OF . ListOfCode CF

    ARRAY   shift, and go to state 1
    RETURN  shift, and go to state 111
    BREAK   shift, and go to state 112
    IF      shift, and go to state 113
    FOR     shift, and go to state 114
    WHILE   shift, and go to state 115
    NOT     shift, and go to state 4
    OC      shift, and go to state 5
    SUB     shift, and go to state 6
    INTL    shift, and go to state 7
    UINTL   shift, and go to state 8
    CHAR    shift, and go to state 9
    TRUE    shift, and go to state 10
    FALSE   shift, and go to state 11
    ID      shift, and go to state 12
    TINT    shift, and go to state 13
    TUINT   shift, and go to state 14
    TCHAR   shift, and go to state 15
    TBOOL   shift, and go to state 16

    ListOfCode      go to state 174
    Code            go to state 117
    Loop            go to state 118
    TernaryOp       go to state 119
    ForLoop         go to state 120
    WhileLoop       go to state 121
    Return          go to state 122
    Break           go to state 123
    Conditional     go to state 124
    ListOfStatem    go to state 125
    Statement       go to state 126
    Initialization  go to state 25
    Expression      go to state 26
    Location        go to state 27
    Literal         go to state 28
    Vartype         go to state 29
    MethodCall      go to state 30


State 172

   41 Elif_Piece: ELIF OC Expression . CC OF ListOfCode CF
   57 Expression: Expression . ADD Expression
   58           | Expression . SUB Expression
   59           | Expression . MULT Expression
   60           | Expression . DIV Expression
   61           | Expression . LEQ Expression
   62           | Expression . GEQ Expression
   63           | Expression . GT Expression
   64           | Expression . EQ Expression
   65           | Expression . LT Expression
   66           | Expression . NEQ Expression
   67           | Expression . AND Expression
   68           | Expression . OR Expression

    CC    shift, and go to state 175
    ADD   shift, and go to state 47
    DIV   shift, and go to state 48
    EQ    shift, and go to state 49
    GEQ   shift, and go to state 50
    GT    shift, and go to state 51
    LEQ   shift, and go to state 52
    LT    shift, and go to state 53
    MULT  shift, and go to state 54
    NEQ   shift, and go to state 55
    SUB   shift, and go to state 56
    AND   shift, and go to state 57
    OR    shift, and go to state 58


State 173

   17 ListOfCode: ListOfCode . Code
   42 Else_Piece: ELSE OF ListOfCode . CF

    ARRAY   shift, and go to state 1
    RETURN  shift, and go to state 111
    BREAK   shift, and go to state 112
    IF      shift, and go to state 113
    FOR     shift, and go to state 114
    WHILE   shift, and go to state 115
    NOT     shift, and go to state 4
    CF      shift, and go to state 176
    OC      shift, and go to state 5
    SUB     shift, and go to state 6
    INTL    shift, and go to state 7
    UINTL   shift, and go to state 8
    CHAR    shift, and go to state 9
    TRUE    shift, and go to state 10
    FALSE   shift, and go to state 11
    ID      shift, and go to state 12
    TINT    shift, and go to state 13
    TUINT   shift, and go to state 14
    TCHAR   shift, and go to state 15
    TBOOL   shift, and go to state 16

    Code            go to state 135
    Loop            go to state 118
    TernaryOp       go to state 119
    ForLoop         go to state 120
    WhileLoop       go to state 121
    Return          go to state 122
    Break           go to state 123
    Conditional     go to state 124
    ListOfStatem    go to state 125
    Statement       go to state 126
    Initialization  go to state 25
    Expression      go to state 26
    Location        go to state 27
    Literal         go to state 28
    Vartype         go to state 29
    MethodCall      go to state 30


State 174

   17 ListOfCode: ListOfCode . Code
   27 ForLoop: FOR OC Voidable SCOMMA Expression SCOMMA Voidable CC OF ListOfCode . CF

    ARRAY   shift, and go to state 1
    RETURN  shift, and go to state 111
    BREAK   shift, and go to state 112
    IF      shift, and go to state 113
    FOR     shift, and go to state 114
    WHILE   shift, and go to state 115
    NOT     shift, and go to state 4
    CF      shift, and go to state 177
    OC      shift, and go to state 5
    SUB     shift, and go to state 6
    INTL    shift, and go to state 7
    UINTL   shift, and go to state 8
    CHAR    shift, and go to state 9
    TRUE    shift, and go to state 10
    FALSE   shift, and go to state 11
    ID      shift, and go to state 12
    TINT    shift, and go to state 13
    TUINT   shift, and go to state 14
    TCHAR   shift, and go to state 15
    TBOOL   shift, and go to state 16

    Code            go to state 135
    Loop            go to state 118
    TernaryOp       go to state 119
    ForLoop         go to state 120
    WhileLoop       go to state 121
    Return          go to state 122
    Break           go to state 123
    Conditional     go to state 124
    ListOfStatem    go to state 125
    Statement       go to state 126
    Initialization  go to state 25
    Expression      go to state 26
    Location        go to state 27
    Literal         go to state 28
    Vartype         go to state 29
    MethodCall      go to state 30


State 175

   41 Elif_Piece: ELIF OC Expression CC . OF ListOfCode CF

    OF  shift, and go to state 178


State 176

   42 Else_Piece: ELSE OF ListOfCode CF .

    $default  reduce using rule 42 (Else_Piece)


State 177

   27 ForLoop: FOR OC Voidable SCOMMA Expression SCOMMA Voidable CC OF ListOfCode CF .

    $default  reduce using rule 27 (ForLoop)


State 178

   41 Elif_Piece: ELIF OC Expression CC OF . ListOfCode CF

    ARRAY   shift, and go to state 1
    RETURN  shift, and go to state 111
    BREAK   shift, and go to state 112
    IF      shift, and go to state 113
    FOR     shift, and go to state 114
    WHILE   shift, and go to state 115
    NOT     shift, and go to state 4
    OC      shift, and go to state 5
    SUB     shift, and go to state 6
    INTL    shift, and go to state 7
    UINTL   shift, and go to state 8
    CHAR    shift, and go to state 9
    TRUE    shift, and go to state 10
    FALSE   shift, and go to state 11
    ID      shift, and go to state 12
    TINT    shift, and go to state 13
    TUINT   shift, and go to state 14
    TCHAR   shift, and go to state 15
    TBOOL   shift, and go to state 16

    ListOfCode      go to state 179
    Code            go to state 117
    Loop            go to state 118
    TernaryOp       go to state 119
    ForLoop         go to state 120
    WhileLoop       go to state 121
    Return          go to state 122
    Break           go to state 123
    Conditional     go to state 124
    ListOfStatem    go to state 125
    Statement       go to state 126
    Initialization  go to state 25
    Expression      go to state 26
    Location        go to state 27
    Literal         go to state 28
    Vartype         go to state 29
    MethodCall      go to state 30


State 179

   17 ListOfCode: ListOfCode . Code
   41 Elif_Piece: ELIF OC Expression CC OF ListOfCode . CF

    ARRAY   shift, and go to state 1
    RETURN  shift, and go to state 111
    BREAK   shift, and go to state 112
    IF      shift, and go to state 113
    FOR     shift, and go to state 114
    WHILE   shift, and go to state 115
    NOT     shift, and go to state 4
    CF      shift, and go to state 180
    OC      shift, and go to state 5
    SUB     shift, and go to state 6
    INTL    shift, and go to state 7
    UINTL   shift, and go to state 8
    CHAR    shift, and go to state 9
    TRUE    shift, and go to state 10
    FALSE   shift, and go to state 11
    ID      shift, and go to state 12
    TINT    shift, and go to state 13
    TUINT   shift, and go to state 14
    TCHAR   shift, and go to state 15
    TBOOL   shift, and go to state 16

    Code            go to state 135
    Loop            go to state 118
    TernaryOp       go to state 119
    ForLoop         go to state 120
    WhileLoop       go to state 121
    Return          go to state 122
    Break           go to state 123
    Conditional     go to state 124
    ListOfStatem    go to state 125
    Statement       go to state 126
    Initialization  go to state 25
    Expression      go to state 26
    Location        go to state 27
    Literal         go to state 28
    Vartype         go to state 29
    MethodCall      go to state 30


State 180

   41 Elif_Piece: ELIF OC Expression CC OF ListOfCode CF .

    $default  reduce using rule 41 (Elif_Piece)
