State 15 conflicts: 10 shift/reduce


Grammar

    0 $accept: Expression $end

    1 Expression: Expression Op Expression
    2           | ID

    3 Op: ADD
    4   | SUB
    5   | MULT
    6   | DIV
    7   | LEQ
    8   | GEQ
    9   | GT
   10   | EQ
   11   | LT
   12   | NEQ


Terminals, with rules where they appear

$end (0) 0
error (256)
ADD (258) 3
DIV (259) 6
EQ (260) 10
GEQ (261) 8
GT (262) 9
LEQ (263) 7
LT (264) 11
MULT (265) 5
NEQ (266) 12
SUB (267) 4
ID (268) 2


Nonterminals, with rules where they appear

$accept (14)
    on left: 0
Expression (15)
    on left: 1 2, on right: 0 1
Op (16)
    on left: 3 4 5 6 7 8 9 10 11 12, on right: 1


State 0

    0 $accept: . Expression $end

    ID  shift, and go to state 1

    Expression  go to state 2


State 1

    2 Expression: ID .

    $default  reduce using rule 2 (Expression)


State 2

    0 $accept: Expression . $end
    1 Expression: Expression . Op Expression

    $end  shift, and go to state 3
    ADD   shift, and go to state 4
    DIV   shift, and go to state 5
    EQ    shift, and go to state 6
    GEQ   shift, and go to state 7
    GT    shift, and go to state 8
    LEQ   shift, and go to state 9
    LT    shift, and go to state 10
    MULT  shift, and go to state 11
    NEQ   shift, and go to state 12
    SUB   shift, and go to state 13

    Op  go to state 14


State 3

    0 $accept: Expression $end .

    $default  accept


State 4

    3 Op: ADD .

    $default  reduce using rule 3 (Op)


State 5

    6 Op: DIV .

    $default  reduce using rule 6 (Op)


State 6

   10 Op: EQ .

    $default  reduce using rule 10 (Op)


State 7

    8 Op: GEQ .

    $default  reduce using rule 8 (Op)


State 8

    9 Op: GT .

    $default  reduce using rule 9 (Op)


State 9

    7 Op: LEQ .

    $default  reduce using rule 7 (Op)


State 10

   11 Op: LT .

    $default  reduce using rule 11 (Op)


State 11

    5 Op: MULT .

    $default  reduce using rule 5 (Op)


State 12

   12 Op: NEQ .

    $default  reduce using rule 12 (Op)


State 13

    4 Op: SUB .

    $default  reduce using rule 4 (Op)


State 14

    1 Expression: Expression Op . Expression

    ID  shift, and go to state 1

    Expression  go to state 15


State 15

    1 Expression: Expression . Op Expression
    1           | Expression Op Expression .

    ADD   shift, and go to state 4
    DIV   shift, and go to state 5
    EQ    shift, and go to state 6
    GEQ   shift, and go to state 7
    GT    shift, and go to state 8
    LEQ   shift, and go to state 9
    LT    shift, and go to state 10
    MULT  shift, and go to state 11
    NEQ   shift, and go to state 12
    SUB   shift, and go to state 13

    ADD       [reduce using rule 1 (Expression)]
    DIV       [reduce using rule 1 (Expression)]
    EQ        [reduce using rule 1 (Expression)]
    GEQ       [reduce using rule 1 (Expression)]
    GT        [reduce using rule 1 (Expression)]
    LEQ       [reduce using rule 1 (Expression)]
    LT        [reduce using rule 1 (Expression)]
    MULT      [reduce using rule 1 (Expression)]
    NEQ       [reduce using rule 1 (Expression)]
    SUB       [reduce using rule 1 (Expression)]
    $default  reduce using rule 1 (Expression)

    Op  go to state 14
